{"/home/palesa_makunyane/sd_project/software_design_project/local_artisan/scripts/add_product.js": {"path":"/home/palesa_makunyane/sd_project/software_design_project/local_artisan/scripts/add_product.js","statementMap":{"0":{"start":{"line":6,"column":22},"end":{"line":6,"column":27}},"1":{"start":{"line":9,"column":2},"end":{"line":59,"column":5}},"2":{"start":{"line":10,"column":4},"end":{"line":58,"column":5}},"3":{"start":{"line":11,"column":6},"end":{"line":11,"column":35}},"4":{"start":{"line":12,"column":11},"end":{"line":58,"column":5}},"5":{"start":{"line":13,"column":6},"end":{"line":13,"column":29}},"6":{"start":{"line":14,"column":24},"end":{"line":14,"column":58}},"7":{"start":{"line":15,"column":19},"end":{"line":15,"column":57}},"8":{"start":{"line":18,"column":6},"end":{"line":57,"column":9}},"9":{"start":{"line":19,"column":8},"end":{"line":19,"column":27}},"10":{"start":{"line":21,"column":21},"end":{"line":21,"column":66}},"11":{"start":{"line":22,"column":22},"end":{"line":22,"column":60}},"12":{"start":{"line":23,"column":23},"end":{"line":23,"column":62}},"13":{"start":{"line":24,"column":25},"end":{"line":24,"column":66}},"14":{"start":{"line":25,"column":28},"end":{"line":25,"column":72}},"15":{"start":{"line":26,"column":22},"end":{"line":26,"column":63}},"16":{"start":{"line":29,"column":8},"end":{"line":32,"column":9}},"17":{"start":{"line":30,"column":10},"end":{"line":30,"column":43}},"18":{"start":{"line":31,"column":10},"end":{"line":31,"column":17}},"19":{"start":{"line":34,"column":8},"end":{"line":56,"column":9}},"20":{"start":{"line":36,"column":29},"end":{"line":36,"column":87}},"21":{"start":{"line":37,"column":10},"end":{"line":37,"column":47}},"22":{"start":{"line":38,"column":27},"end":{"line":38,"column":59}},"23":{"start":{"line":41,"column":10},"end":{"line":50,"column":13}},"24":{"start":{"line":52,"column":10},"end":{"line":52,"column":47}},"25":{"start":{"line":53,"column":10},"end":{"line":53,"column":64}},"26":{"start":{"line":55,"column":10},"end":{"line":55,"column":68}},"27":{"start":{"line":63,"column":0},"end":{"line":63,"column":62}}},"fnMap":{"0":{"name":"initializeForm","decl":{"start":{"line":8,"column":16},"end":{"line":8,"column":30}},"loc":{"start":{"line":8,"column":33},"end":{"line":60,"column":1}},"line":8},"1":{"name":"(anonymous_1)","decl":{"start":{"line":9,"column":27},"end":{"line":9,"column":28}},"loc":{"start":{"line":9,"column":37},"end":{"line":59,"column":3}},"line":9},"2":{"name":"(anonymous_2)","decl":{"start":{"line":18,"column":42},"end":{"line":18,"column":43}},"loc":{"start":{"line":18,"column":55},"end":{"line":57,"column":7}},"line":18}},"branchMap":{"0":{"loc":{"start":{"line":10,"column":4},"end":{"line":58,"column":5}},"type":"if","locations":[{"start":{"line":10,"column":4},"end":{"line":58,"column":5}},{"start":{"line":12,"column":11},"end":{"line":58,"column":5}}],"line":10},"1":{"loc":{"start":{"line":12,"column":11},"end":{"line":58,"column":5}},"type":"if","locations":[{"start":{"line":12,"column":11},"end":{"line":58,"column":5}},{"start":{},"end":{}}],"line":12},"2":{"loc":{"start":{"line":29,"column":8},"end":{"line":32,"column":9}},"type":"if","locations":[{"start":{"line":29,"column":8},"end":{"line":32,"column":9}},{"start":{},"end":{}}],"line":29}},"s":{"0":0,"1":0,"2":0,"3":0,"4":0,"5":0,"6":0,"7":0,"8":0,"9":0,"10":0,"11":0,"12":0,"13":0,"14":0,"15":0,"16":0,"17":0,"18":0,"19":0,"20":0,"21":0,"22":0,"23":0,"24":0,"25":0,"26":0,"27":0},"f":{"0":0,"1":0,"2":0},"b":{"0":[0,0],"1":[0,0],"2":[0,0]}}
,"/home/palesa_makunyane/sd_project/software_design_project/local_artisan/scripts/home.js": {"path":"/home/palesa_makunyane/sd_project/software_design_project/local_artisan/scripts/home.js","statementMap":{"0":{"start":{"line":3,"column":16},"end":{"line":3,"column":57}},"1":{"start":{"line":6,"column":4},"end":{"line":28,"column":5}},"2":{"start":{"line":7,"column":30},"end":{"line":7,"column":71}},"3":{"start":{"line":9,"column":8},"end":{"line":24,"column":11}},"4":{"start":{"line":10,"column":28},"end":{"line":10,"column":38}},"5":{"start":{"line":11,"column":12},"end":{"line":11,"column":32}},"6":{"start":{"line":13,"column":25},"end":{"line":13,"column":58}},"7":{"start":{"line":14,"column":12},"end":{"line":14,"column":47}},"8":{"start":{"line":16,"column":12},"end":{"line":21,"column":14}},"9":{"start":{"line":23,"column":12},"end":{"line":23,"column":38}},"10":{"start":{"line":26,"column":8},"end":{"line":26,"column":55}},"11":{"start":{"line":27,"column":8},"end":{"line":27,"column":62}},"12":{"start":{"line":31,"column":0},"end":{"line":31,"column":26}}},"fnMap":{"0":{"name":"fetchAndDisplayProducts","decl":{"start":{"line":5,"column":15},"end":{"line":5,"column":38}},"loc":{"start":{"line":5,"column":41},"end":{"line":29,"column":1}},"line":5},"1":{"name":"(anonymous_1)","decl":{"start":{"line":9,"column":30},"end":{"line":9,"column":31}},"loc":{"start":{"line":9,"column":37},"end":{"line":24,"column":9}},"line":9}},"branchMap":{},"s":{"0":0,"1":0,"2":0,"3":0,"4":0,"5":0,"6":0,"7":0,"8":0,"9":0,"10":0,"11":0,"12":0},"f":{"0":0,"1":0},"b":{}}
,"/home/palesa_makunyane/sd_project/software_design_project/local_artisan/scripts/index_filters.js": {"path":"/home/palesa_makunyane/sd_project/software_design_project/local_artisan/scripts/index_filters.js","statementMap":{"0":{"start":{"line":4,"column":0},"end":{"line":64,"column":3}},"1":{"start":{"line":5,"column":26},"end":{"line":5,"column":77}},"2":{"start":{"line":6,"column":29},"end":{"line":6,"column":70}},"3":{"start":{"line":9,"column":28},"end":{"line":25,"column":5}},"4":{"start":{"line":10,"column":8},"end":{"line":10,"column":40}},"5":{"start":{"line":12,"column":8},"end":{"line":24,"column":11}},"6":{"start":{"line":13,"column":25},"end":{"line":13,"column":58}},"7":{"start":{"line":14,"column":12},"end":{"line":14,"column":47}},"8":{"start":{"line":16,"column":12},"end":{"line":21,"column":14}},"9":{"start":{"line":23,"column":12},"end":{"line":23,"column":47}},"10":{"start":{"line":28,"column":36},"end":{"line":46,"column":5}},"11":{"start":{"line":29,"column":8},"end":{"line":45,"column":9}},"12":{"start":{"line":30,"column":32},"end":{"line":30,"column":58}},"13":{"start":{"line":31,"column":22},"end":{"line":33,"column":71}},"14":{"start":{"line":35,"column":34},"end":{"line":35,"column":50}},"15":{"start":{"line":36,"column":29},"end":{"line":39,"column":15}},"16":{"start":{"line":36,"column":60},"end":{"line":39,"column":13}},"17":{"start":{"line":41,"column":12},"end":{"line":41,"column":38}},"18":{"start":{"line":43,"column":12},"end":{"line":43,"column":61}},"19":{"start":{"line":44,"column":12},"end":{"line":44,"column":98}},"20":{"start":{"line":49,"column":4},"end":{"line":60,"column":7}},"21":{"start":{"line":50,"column":8},"end":{"line":59,"column":11}},"22":{"start":{"line":51,"column":12},"end":{"line":51,"column":31}},"23":{"start":{"line":52,"column":32},"end":{"line":52,"column":63}},"24":{"start":{"line":55,"column":12},"end":{"line":55,"column":69}},"25":{"start":{"line":55,"column":39},"end":{"line":55,"column":67}},"26":{"start":{"line":56,"column":12},"end":{"line":56,"column":45}},"27":{"start":{"line":58,"column":12},"end":{"line":58,"column":55}},"28":{"start":{"line":63,"column":4},"end":{"line":63,"column":35}}},"fnMap":{"0":{"name":"(anonymous_0)","decl":{"start":{"line":4,"column":46},"end":{"line":4,"column":47}},"loc":{"start":{"line":4,"column":52},"end":{"line":64,"column":1}},"line":4},"1":{"name":"(anonymous_1)","decl":{"start":{"line":9,"column":28},"end":{"line":9,"column":29}},"loc":{"start":{"line":9,"column":42},"end":{"line":25,"column":5}},"line":9},"2":{"name":"(anonymous_2)","decl":{"start":{"line":12,"column":25},"end":{"line":12,"column":26}},"loc":{"start":{"line":12,"column":36},"end":{"line":24,"column":9}},"line":12},"3":{"name":"(anonymous_3)","decl":{"start":{"line":28,"column":36},"end":{"line":28,"column":37}},"loc":{"start":{"line":28,"column":56},"end":{"line":46,"column":5}},"line":28},"4":{"name":"(anonymous_4)","decl":{"start":{"line":36,"column":52},"end":{"line":36,"column":53}},"loc":{"start":{"line":36,"column":60},"end":{"line":39,"column":13}},"line":36},"5":{"name":"(anonymous_5)","decl":{"start":{"line":49,"column":26},"end":{"line":49,"column":27}},"loc":{"start":{"line":49,"column":34},"end":{"line":60,"column":5}},"line":49},"6":{"name":"(anonymous_6)","decl":{"start":{"line":50,"column":39},"end":{"line":50,"column":40}},"loc":{"start":{"line":50,"column":52},"end":{"line":59,"column":9}},"line":50},"7":{"name":"(anonymous_7)","decl":{"start":{"line":55,"column":34},"end":{"line":55,"column":35}},"loc":{"start":{"line":55,"column":39},"end":{"line":55,"column":67}},"line":55}},"branchMap":{"0":{"loc":{"start":{"line":31,"column":22},"end":{"line":33,"column":71}},"type":"cond-expr","locations":[{"start":{"line":32,"column":18},"end":{"line":32,"column":36}},{"start":{"line":33,"column":18},"end":{"line":33,"column":71}}],"line":31}},"s":{"0":0,"1":0,"2":0,"3":0,"4":0,"5":0,"6":0,"7":0,"8":0,"9":0,"10":0,"11":0,"12":0,"13":0,"14":0,"15":0,"16":0,"17":0,"18":0,"19":0,"20":0,"21":0,"22":0,"23":0,"24":0,"25":0,"26":0,"27":0,"28":0},"f":{"0":0,"1":0,"2":0,"3":0,"4":0,"5":0,"6":0,"7":0},"b":{"0":[0,0]}}
,"/home/palesa_makunyane/sd_project/software_design_project/local_artisan/scripts/products.js": {"path":"/home/palesa_makunyane/sd_project/software_design_project/local_artisan/scripts/products.js","statementMap":{"0":{"start":{"line":1,"column":17},"end":{"line":34,"column":1}}},"fnMap":{},"branchMap":{},"s":{"0":0},"f":{},"b":{}}
,"/home/palesa_makunyane/sd_project/software_design_project/local_artisan/scripts/script.js": {"path":"/home/palesa_makunyane/sd_project/software_design_project/local_artisan/scripts/script.js","statementMap":{"0":{"start":{"line":1,"column":0},"end":{"line":32,"column":3}},"1":{"start":{"line":2,"column":15},"end":{"line":2,"column":45}},"2":{"start":{"line":3,"column":23},"end":{"line":3,"column":62}},"3":{"start":{"line":4,"column":21},"end":{"line":4,"column":58}},"4":{"start":{"line":5,"column":24},"end":{"line":5,"column":25}},"5":{"start":{"line":8,"column":22},"end":{"line":8,"column":53}},"6":{"start":{"line":9,"column":2},"end":{"line":9,"column":78}},"7":{"start":{"line":11,"column":2},"end":{"line":13,"column":5}},"8":{"start":{"line":12,"column":4},"end":{"line":12,"column":72}},"9":{"start":{"line":16,"column":2},"end":{"line":22,"column":5}},"10":{"start":{"line":17,"column":21},"end":{"line":17,"column":78}},"11":{"start":{"line":17,"column":62},"end":{"line":17,"column":77}},"12":{"start":{"line":18,"column":4},"end":{"line":21,"column":5}},"13":{"start":{"line":19,"column":6},"end":{"line":19,"column":53}},"14":{"start":{"line":20,"column":6},"end":{"line":20,"column":70}},"15":{"start":{"line":25,"column":2},"end":{"line":30,"column":5}},"16":{"start":{"line":26,"column":4},"end":{"line":26,"column":23}},"17":{"start":{"line":27,"column":4},"end":{"line":27,"column":61}},"18":{"start":{"line":28,"column":4},"end":{"line":28,"column":17}},"19":{"start":{"line":29,"column":4},"end":{"line":29,"column":33}}},"fnMap":{"0":{"name":"(anonymous_0)","decl":{"start":{"line":1,"column":46},"end":{"line":1,"column":47}},"loc":{"start":{"line":1,"column":52},"end":{"line":32,"column":1}},"line":1},"1":{"name":"(anonymous_1)","decl":{"start":{"line":11,"column":41},"end":{"line":11,"column":42}},"loc":{"start":{"line":11,"column":47},"end":{"line":13,"column":3}},"line":11},"2":{"name":"(anonymous_2)","decl":{"start":{"line":16,"column":40},"end":{"line":16,"column":41}},"loc":{"start":{"line":16,"column":46},"end":{"line":22,"column":3}},"line":16},"3":{"name":"(anonymous_3)","decl":{"start":{"line":17,"column":52},"end":{"line":17,"column":53}},"loc":{"start":{"line":17,"column":62},"end":{"line":17,"column":77}},"line":17},"4":{"name":"(anonymous_4)","decl":{"start":{"line":25,"column":46},"end":{"line":25,"column":47}},"loc":{"start":{"line":25,"column":53},"end":{"line":30,"column":3}},"line":25}},"branchMap":{"0":{"loc":{"start":{"line":18,"column":4},"end":{"line":21,"column":5}},"type":"if","locations":[{"start":{"line":18,"column":4},"end":{"line":21,"column":5}},{"start":{},"end":{}}],"line":18}},"s":{"0":0,"1":0,"2":0,"3":0,"4":0,"5":0,"6":0,"7":0,"8":0,"9":0,"10":0,"11":0,"12":0,"13":0,"14":0,"15":0,"16":0,"17":0,"18":0,"19":0},"f":{"0":0,"1":0,"2":0,"3":0,"4":0},"b":{"0":[0,0]}}
,"/home/palesa_makunyane/sd_project/software_design_project/local_artisan/scripts/seller_registration.js": {"path":"/home/palesa_makunyane/sd_project/software_design_project/local_artisan/scripts/seller_registration.js","statementMap":{"0":{"start":{"line":5,"column":22},"end":{"line":5,"column":27}},"1":{"start":{"line":7,"column":0},"end":{"line":47,"column":3}},"2":{"start":{"line":8,"column":4},"end":{"line":46,"column":5}},"3":{"start":{"line":11,"column":9},"end":{"line":46,"column":5}},"4":{"start":{"line":12,"column":8},"end":{"line":12,"column":31}},"5":{"start":{"line":13,"column":21},"end":{"line":13,"column":59}},"6":{"start":{"line":14,"column":8},"end":{"line":45,"column":11}},"7":{"start":{"line":15,"column":12},"end":{"line":15,"column":31}},"8":{"start":{"line":17,"column":33},"end":{"line":17,"column":78}},"9":{"start":{"line":18,"column":39},"end":{"line":18,"column":90}},"10":{"start":{"line":19,"column":30},"end":{"line":19,"column":72}},"11":{"start":{"line":20,"column":30},"end":{"line":20,"column":71}},"12":{"start":{"line":21,"column":27},"end":{"line":21,"column":65}},"13":{"start":{"line":22,"column":27},"end":{"line":22,"column":65}},"14":{"start":{"line":23,"column":30},"end":{"line":23,"column":73}},"15":{"start":{"line":24,"column":29},"end":{"line":24,"column":69}},"16":{"start":{"line":26,"column":12},"end":{"line":44,"column":13}},"17":{"start":{"line":27,"column":16},"end":{"line":38,"column":19}},"18":{"start":{"line":40,"column":16},"end":{"line":40,"column":52}},"19":{"start":{"line":41,"column":16},"end":{"line":41,"column":70}},"20":{"start":{"line":43,"column":16},"end":{"line":43,"column":74}}},"fnMap":{"0":{"name":"(anonymous_0)","decl":{"start":{"line":7,"column":25},"end":{"line":7,"column":26}},"loc":{"start":{"line":7,"column":35},"end":{"line":47,"column":1}},"line":7},"1":{"name":"(anonymous_1)","decl":{"start":{"line":14,"column":40},"end":{"line":14,"column":41}},"loc":{"start":{"line":14,"column":53},"end":{"line":45,"column":9}},"line":14}},"branchMap":{"0":{"loc":{"start":{"line":8,"column":4},"end":{"line":46,"column":5}},"type":"if","locations":[{"start":{"line":8,"column":4},"end":{"line":46,"column":5}},{"start":{"line":11,"column":9},"end":{"line":46,"column":5}}],"line":8},"1":{"loc":{"start":{"line":11,"column":9},"end":{"line":46,"column":5}},"type":"if","locations":[{"start":{"line":11,"column":9},"end":{"line":46,"column":5}},{"start":{},"end":{}}],"line":11},"2":{"loc":{"start":{"line":11,"column":13},"end":{"line":11,"column":37}},"type":"binary-expr","locations":[{"start":{"line":11,"column":13},"end":{"line":11,"column":17}},{"start":{"line":11,"column":21},"end":{"line":11,"column":37}}],"line":11}},"s":{"0":0,"1":0,"2":0,"3":0,"4":0,"5":0,"6":0,"7":0,"8":0,"9":0,"10":0,"11":0,"12":0,"13":0,"14":0,"15":0,"16":0,"17":0,"18":0,"19":0,"20":0},"f":{"0":0,"1":0},"b":{"0":[0,0],"1":[0,0],"2":[0,0]}}
,"/home/palesa_makunyane/sd_project/software_design_project/local_artisan/scripts/signup.js": {"path":"/home/palesa_makunyane/sd_project/software_design_project/local_artisan/scripts/signup.js","statementMap":{"0":{"start":{"line":4,"column":0},"end":{"line":70,"column":3}},"1":{"start":{"line":5,"column":23},"end":{"line":5,"column":60}},"2":{"start":{"line":6,"column":22},"end":{"line":6,"column":59}},"3":{"start":{"line":9,"column":4},"end":{"line":42,"column":5}},"4":{"start":{"line":10,"column":8},"end":{"line":41,"column":11}},"5":{"start":{"line":11,"column":12},"end":{"line":11,"column":31}},"6":{"start":{"line":13,"column":29},"end":{"line":13,"column":70}},"7":{"start":{"line":14,"column":29},"end":{"line":14,"column":70}},"8":{"start":{"line":15,"column":32},"end":{"line":15,"column":77}},"9":{"start":{"line":17,"column":12},"end":{"line":32,"column":13}},"10":{"start":{"line":18,"column":16},"end":{"line":18,"column":49}},"11":{"start":{"line":19,"column":34},"end":{"line":19,"column":69}},"12":{"start":{"line":20,"column":37},"end":{"line":20,"column":76}},"13":{"start":{"line":21,"column":16},"end":{"line":21,"column":37}},"14":{"start":{"line":22,"column":16},"end":{"line":22,"column":40}},"15":{"start":{"line":23,"column":16},"end":{"line":23,"column":57}},"16":{"start":{"line":24,"column":16},"end":{"line":24,"column":60}},"17":{"start":{"line":26,"column":16},"end":{"line":29,"column":25}},"18":{"start":{"line":27,"column":20},"end":{"line":27,"column":48}},"19":{"start":{"line":28,"column":20},"end":{"line":28,"column":51}},"20":{"start":{"line":31,"column":16},"end":{"line":31,"column":23}},"21":{"start":{"line":34,"column":12},"end":{"line":40,"column":13}},"22":{"start":{"line":35,"column":39},"end":{"line":35,"column":101}},"23":{"start":{"line":36,"column":16},"end":{"line":36,"column":74}},"24":{"start":{"line":37,"column":16},"end":{"line":37,"column":55}},"25":{"start":{"line":39,"column":16},"end":{"line":39,"column":57}},"26":{"start":{"line":45,"column":4},"end":{"line":69,"column":5}},"27":{"start":{"line":46,"column":8},"end":{"line":66,"column":11}},"28":{"start":{"line":47,"column":12},"end":{"line":65,"column":13}},"29":{"start":{"line":48,"column":31},"end":{"line":48,"column":68}},"30":{"start":{"line":49,"column":29},"end":{"line":49,"column":40}},"31":{"start":{"line":51,"column":16},"end":{"line":51,"column":55}},"32":{"start":{"line":53,"column":34},"end":{"line":53,"column":71}},"33":{"start":{"line":54,"column":16},"end":{"line":58,"column":17}},"34":{"start":{"line":55,"column":20},"end":{"line":57,"column":22}},"35":{"start":{"line":60,"column":16},"end":{"line":60,"column":55}},"36":{"start":{"line":63,"column":16},"end":{"line":63,"column":62}},"37":{"start":{"line":64,"column":16},"end":{"line":64,"column":66}},"38":{"start":{"line":68,"column":8},"end":{"line":68,"column":60}}},"fnMap":{"0":{"name":"(anonymous_0)","decl":{"start":{"line":4,"column":46},"end":{"line":4,"column":47}},"loc":{"start":{"line":4,"column":52},"end":{"line":70,"column":1}},"line":4},"1":{"name":"(anonymous_1)","decl":{"start":{"line":10,"column":46},"end":{"line":10,"column":47}},"loc":{"start":{"line":10,"column":59},"end":{"line":41,"column":9}},"line":10},"2":{"name":"(anonymous_2)","decl":{"start":{"line":26,"column":27},"end":{"line":26,"column":28}},"loc":{"start":{"line":26,"column":33},"end":{"line":29,"column":17}},"line":26},"3":{"name":"(anonymous_3)","decl":{"start":{"line":46,"column":44},"end":{"line":46,"column":45}},"loc":{"start":{"line":46,"column":56},"end":{"line":66,"column":9}},"line":46}},"branchMap":{"0":{"loc":{"start":{"line":9,"column":4},"end":{"line":42,"column":5}},"type":"if","locations":[{"start":{"line":9,"column":4},"end":{"line":42,"column":5}},{"start":{},"end":{}}],"line":9},"1":{"loc":{"start":{"line":17,"column":12},"end":{"line":32,"column":13}},"type":"if","locations":[{"start":{"line":17,"column":12},"end":{"line":32,"column":13}},{"start":{},"end":{}}],"line":17},"2":{"loc":{"start":{"line":45,"column":4},"end":{"line":69,"column":5}},"type":"if","locations":[{"start":{"line":45,"column":4},"end":{"line":69,"column":5}},{"start":{"line":67,"column":11},"end":{"line":69,"column":5}}],"line":45},"3":{"loc":{"start":{"line":54,"column":16},"end":{"line":58,"column":17}},"type":"if","locations":[{"start":{"line":54,"column":16},"end":{"line":58,"column":17}},{"start":{},"end":{}}],"line":54},"4":{"loc":{"start":{"line":54,"column":20},"end":{"line":54,"column":46}},"type":"binary-expr","locations":[{"start":{"line":54,"column":20},"end":{"line":54,"column":29}},{"start":{"line":54,"column":33},"end":{"line":54,"column":46}}],"line":54}},"s":{"0":0,"1":0,"2":0,"3":0,"4":0,"5":0,"6":0,"7":0,"8":0,"9":0,"10":0,"11":0,"12":0,"13":0,"14":0,"15":0,"16":0,"17":0,"18":0,"19":0,"20":0,"21":0,"22":0,"23":0,"24":0,"25":0,"26":0,"27":0,"28":0,"29":0,"30":0,"31":0,"32":0,"33":0,"34":0,"35":0,"36":0,"37":0,"38":0},"f":{"0":0,"1":0,"2":0,"3":0},"b":{"0":[0,0],"1":[0,0],"2":[0,0],"3":[0,0],"4":[0,0]}}
,"/home/palesa_makunyane/sd_project/software_design_project/local_artisan/scripts/view_cart.js": {"path":"/home/palesa_makunyane/sd_project/software_design_project/local_artisan/scripts/view_cart.js","statementMap":{"0":{"start":{"line":1,"column":11},"end":{"line":1,"column":57}},"1":{"start":{"line":3,"column":27},"end":{"line":3,"column":64}},"2":{"start":{"line":4,"column":27},"end":{"line":4,"column":64}},"3":{"start":{"line":8,"column":2},"end":{"line":8,"column":52}},"4":{"start":{"line":8,"column":29},"end":{"line":8,"column":50}},"5":{"start":{"line":9,"column":2},"end":{"line":9,"column":53}},"6":{"start":{"line":10,"column":2},"end":{"line":10,"column":15}},"7":{"start":{"line":15,"column":2},"end":{"line":15,"column":36}},"8":{"start":{"line":16,"column":14},"end":{"line":16,"column":15}},"9":{"start":{"line":18,"column":2},"end":{"line":22,"column":3}},"10":{"start":{"line":19,"column":4},"end":{"line":19,"column":64}},"11":{"start":{"line":20,"column":4},"end":{"line":20,"column":42}},"12":{"start":{"line":21,"column":4},"end":{"line":21,"column":11}},"13":{"start":{"line":24,"column":2},"end":{"line":43,"column":5}},"14":{"start":{"line":25,"column":24},"end":{"line":25,"column":53}},"15":{"start":{"line":26,"column":4},"end":{"line":26,"column":43}},"16":{"start":{"line":28,"column":22},"end":{"line":28,"column":44}},"17":{"start":{"line":29,"column":22},"end":{"line":29,"column":47}},"18":{"start":{"line":31,"column":4},"end":{"line":39,"column":6}},"19":{"start":{"line":41,"column":4},"end":{"line":41,"column":48}},"20":{"start":{"line":42,"column":4},"end":{"line":42,"column":23}},"21":{"start":{"line":45,"column":2},"end":{"line":45,"column":50}},"22":{"start":{"line":48,"column":24},"end":{"line":48,"column":67}},"23":{"start":{"line":49,"column":2},"end":{"line":54,"column":5}},"24":{"start":{"line":50,"column":4},"end":{"line":53,"column":7}},"25":{"start":{"line":51,"column":24},"end":{"line":51,"column":60}},"26":{"start":{"line":52,"column":6},"end":{"line":52,"column":32}},"27":{"start":{"line":58,"column":0},"end":{"line":58,"column":13}}},"fnMap":{"0":{"name":"removeFromCart","decl":{"start":{"line":7,"column":9},"end":{"line":7,"column":23}},"loc":{"start":{"line":7,"column":35},"end":{"line":11,"column":1}},"line":7},"1":{"name":"(anonymous_1)","decl":{"start":{"line":8,"column":21},"end":{"line":8,"column":22}},"loc":{"start":{"line":8,"column":29},"end":{"line":8,"column":50}},"line":8},"2":{"name":"renderCart","decl":{"start":{"line":14,"column":9},"end":{"line":14,"column":19}},"loc":{"start":{"line":14,"column":22},"end":{"line":55,"column":1}},"line":14},"3":{"name":"(anonymous_3)","decl":{"start":{"line":24,"column":15},"end":{"line":24,"column":16}},"loc":{"start":{"line":24,"column":23},"end":{"line":43,"column":3}},"line":24},"4":{"name":"(anonymous_4)","decl":{"start":{"line":49,"column":24},"end":{"line":49,"column":25}},"loc":{"start":{"line":49,"column":34},"end":{"line":54,"column":3}},"line":49},"5":{"name":"(anonymous_5)","decl":{"start":{"line":50,"column":37},"end":{"line":50,"column":38}},"loc":{"start":{"line":50,"column":48},"end":{"line":53,"column":5}},"line":50}},"branchMap":{"0":{"loc":{"start":{"line":1,"column":11},"end":{"line":1,"column":57}},"type":"binary-expr","locations":[{"start":{"line":1,"column":11},"end":{"line":1,"column":51}},{"start":{"line":1,"column":55},"end":{"line":1,"column":57}}],"line":1},"1":{"loc":{"start":{"line":18,"column":2},"end":{"line":22,"column":3}},"type":"if","locations":[{"start":{"line":18,"column":2},"end":{"line":22,"column":3}},{"start":{},"end":{}}],"line":18}},"s":{"0":0,"1":0,"2":0,"3":0,"4":0,"5":0,"6":0,"7":0,"8":0,"9":0,"10":0,"11":0,"12":0,"13":0,"14":0,"15":0,"16":0,"17":0,"18":0,"19":0,"20":0,"21":0,"22":0,"23":0,"24":0,"25":0,"26":0,"27":0},"f":{"0":0,"1":0,"2":0,"3":0,"4":0,"5":0},"b":{"0":[0,0],"1":[0,0]}}
,"/home/palesa_makunyane/sd_project/software_design_project/local_artisan/scripts/view_product.js": {"path":"/home/palesa_makunyane/sd_project/software_design_project/local_artisan/scripts/view_product.js","statementMap":{"0":{"start":{"line":4,"column":23},"end":{"line":8,"column":1}},"1":{"start":{"line":10,"column":12},"end":{"line":10,"column":41}},"2":{"start":{"line":11,"column":11},"end":{"line":11,"column":28}},"3":{"start":{"line":13,"column":18},"end":{"line":13,"column":61}},"4":{"start":{"line":14,"column":18},"end":{"line":14,"column":37}},"5":{"start":{"line":16,"column":18},"end":{"line":21,"column":1}},"6":{"start":{"line":17,"column":16},"end":{"line":17,"column":48}},"7":{"start":{"line":18,"column":2},"end":{"line":18,"column":30}},"8":{"start":{"line":19,"column":2},"end":{"line":19,"column":30}},"9":{"start":{"line":20,"column":2},"end":{"line":20,"column":57}},"10":{"start":{"line":20,"column":19},"end":{"line":20,"column":49}},"11":{"start":{"line":24,"column":2},"end":{"line":24,"column":25}},"12":{"start":{"line":24,"column":18},"end":{"line":24,"column":25}},"13":{"start":{"line":26,"column":17},"end":{"line":26,"column":47}},"14":{"start":{"line":27,"column":18},"end":{"line":27,"column":38}},"15":{"start":{"line":29,"column":2},"end":{"line":63,"column":3}},"16":{"start":{"line":30,"column":20},"end":{"line":30,"column":34}},"17":{"start":{"line":33,"column":4},"end":{"line":33,"column":85}},"18":{"start":{"line":34,"column":4},"end":{"line":34,"column":64}},"19":{"start":{"line":35,"column":4},"end":{"line":35,"column":72}},"20":{"start":{"line":36,"column":4},"end":{"line":36,"column":85}},"21":{"start":{"line":37,"column":4},"end":{"line":37,"column":102}},"22":{"start":{"line":40,"column":4},"end":{"line":59,"column":7}},"23":{"start":{"line":41,"column":17},"end":{"line":41,"column":63}},"24":{"start":{"line":43,"column":27},"end":{"line":43,"column":67}},"25":{"start":{"line":43,"column":45},"end":{"line":43,"column":66}},"26":{"start":{"line":45,"column":6},"end":{"line":55,"column":7}},"27":{"start":{"line":46,"column":8},"end":{"line":46,"column":35}},"28":{"start":{"line":48,"column":8},"end":{"line":54,"column":11}},"29":{"start":{"line":57,"column":6},"end":{"line":57,"column":57}},"30":{"start":{"line":58,"column":6},"end":{"line":58,"column":50}},"31":{"start":{"line":62,"column":4},"end":{"line":62,"column":32}},"32":{"start":{"line":66,"column":0},"end":{"line":66,"column":14}}},"fnMap":{"0":{"name":"(anonymous_0)","decl":{"start":{"line":16,"column":18},"end":{"line":16,"column":19}},"loc":{"start":{"line":16,"column":31},"end":{"line":21,"column":1}},"line":16},"1":{"name":"(anonymous_1)","decl":{"start":{"line":20,"column":13},"end":{"line":20,"column":14}},"loc":{"start":{"line":20,"column":19},"end":{"line":20,"column":49}},"line":20},"2":{"name":"loadProduct","decl":{"start":{"line":23,"column":15},"end":{"line":23,"column":26}},"loc":{"start":{"line":23,"column":29},"end":{"line":64,"column":1}},"line":23},"3":{"name":"(anonymous_3)","decl":{"start":{"line":40,"column":69},"end":{"line":40,"column":70}},"loc":{"start":{"line":40,"column":75},"end":{"line":59,"column":5}},"line":40},"4":{"name":"(anonymous_4)","decl":{"start":{"line":43,"column":37},"end":{"line":43,"column":38}},"loc":{"start":{"line":43,"column":45},"end":{"line":43,"column":66}},"line":43}},"branchMap":{"0":{"loc":{"start":{"line":24,"column":2},"end":{"line":24,"column":25}},"type":"if","locations":[{"start":{"line":24,"column":2},"end":{"line":24,"column":25}},{"start":{},"end":{}}],"line":24},"1":{"loc":{"start":{"line":29,"column":2},"end":{"line":63,"column":3}},"type":"if","locations":[{"start":{"line":29,"column":2},"end":{"line":63,"column":3}},{"start":{"line":61,"column":9},"end":{"line":63,"column":3}}],"line":29},"2":{"loc":{"start":{"line":33,"column":51},"end":{"line":33,"column":84}},"type":"binary-expr","locations":[{"start":{"line":33,"column":51},"end":{"line":33,"column":67}},{"start":{"line":33,"column":71},"end":{"line":33,"column":84}}],"line":33},"3":{"loc":{"start":{"line":41,"column":17},"end":{"line":41,"column":63}},"type":"binary-expr","locations":[{"start":{"line":41,"column":17},"end":{"line":41,"column":57}},{"start":{"line":41,"column":61},"end":{"line":41,"column":63}}],"line":41},"4":{"loc":{"start":{"line":45,"column":6},"end":{"line":55,"column":7}},"type":"if","locations":[{"start":{"line":45,"column":6},"end":{"line":55,"column":7}},{"start":{"line":47,"column":13},"end":{"line":55,"column":7}}],"line":45},"5":{"loc":{"start":{"line":52,"column":17},"end":{"line":52,"column":50}},"type":"binary-expr","locations":[{"start":{"line":52,"column":17},"end":{"line":52,"column":33}},{"start":{"line":52,"column":37},"end":{"line":52,"column":50}}],"line":52}},"s":{"0":0,"1":0,"2":0,"3":0,"4":0,"5":0,"6":0,"7":0,"8":0,"9":0,"10":0,"11":0,"12":0,"13":0,"14":0,"15":0,"16":0,"17":0,"18":0,"19":0,"20":0,"21":0,"22":0,"23":0,"24":0,"25":0,"26":0,"27":0,"28":0,"29":0,"30":0,"31":0,"32":0},"f":{"0":0,"1":0,"2":0,"3":0,"4":0},"b":{"0":[0,0],"1":[0,0],"2":[0,0],"3":[0,0],"4":[0,0],"5":[0,0]}}
}
