TN:
SF:local_artisan/scripts/add_product.js
FN:8,initializeForm
FN:9,(anonymous_1)
FN:18,(anonymous_2)
FNF:3
FNH:0
FNDA:0,initializeForm
FNDA:0,(anonymous_1)
FNDA:0,(anonymous_2)
DA:6,0
DA:9,0
DA:10,0
DA:11,0
DA:12,0
DA:13,0
DA:14,0
DA:15,0
DA:18,0
DA:19,0
DA:21,0
DA:22,0
DA:23,0
DA:24,0
DA:25,0
DA:26,0
DA:29,0
DA:30,0
DA:31,0
DA:34,0
DA:36,0
DA:37,0
DA:38,0
DA:41,0
DA:52,0
DA:53,0
DA:55,0
DA:63,0
LF:28
LH:0
BRDA:10,0,0,0
BRDA:10,0,1,0
BRDA:12,1,0,0
BRDA:12,1,1,0
BRDA:29,2,0,0
BRDA:29,2,1,0
BRF:6
BRH:0
end_of_record
TN:
SF:local_artisan/scripts/formValidation.js
FN:1,isEmailValid
FN:6,isPhoneValid
FN:11,areRequiredFieldsFilled
FN:13,(anonymous_3)
FNF:4
FNH:4
FNDA:2,isEmailValid
FNDA:3,isPhoneValid
FNDA:2,areRequiredFieldsFilled
FNDA:6,(anonymous_3)
DA:2,2
DA:3,2
DA:7,3
DA:8,3
DA:12,2
DA:13,6
DA:16,1
LF:7
LH:7
BRF:0
BRH:0
end_of_record
TN:
SF:local_artisan/scripts/home.js
FN:5,fetchAndDisplayProducts
FN:9,(anonymous_1)
FNF:2
FNH:0
FNDA:0,fetchAndDisplayProducts
FNDA:0,(anonymous_1)
DA:3,0
DA:6,0
DA:7,0
DA:9,0
DA:10,0
DA:11,0
DA:13,0
DA:14,0
DA:16,0
DA:23,0
DA:26,0
DA:27,0
DA:31,0
LF:13
LH:0
BRF:0
BRH:0
end_of_record
TN:
SF:local_artisan/scripts/index_filters.js
FN:4,(anonymous_0)
FN:9,(anonymous_1)
FN:12,(anonymous_2)
FN:28,(anonymous_3)
FN:36,(anonymous_4)
FN:49,(anonymous_5)
FN:50,(anonymous_6)
FN:55,(anonymous_7)
FNF:8
FNH:0
FNDA:0,(anonymous_0)
FNDA:0,(anonymous_1)
FNDA:0,(anonymous_2)
FNDA:0,(anonymous_3)
FNDA:0,(anonymous_4)
FNDA:0,(anonymous_5)
FNDA:0,(anonymous_6)
FNDA:0,(anonymous_7)
DA:4,0
DA:5,0
DA:6,0
DA:9,0
DA:10,0
DA:12,0
DA:13,0
DA:14,0
DA:16,0
DA:23,0
DA:28,0
DA:29,0
DA:30,0
DA:31,0
DA:35,0
DA:36,0
DA:41,0
DA:43,0
DA:44,0
DA:49,0
DA:50,0
DA:51,0
DA:52,0
DA:55,0
DA:56,0
DA:58,0
DA:63,0
LF:27
LH:0
BRDA:31,0,0,0
BRDA:31,0,1,0
BRF:2
BRH:0
end_of_record
TN:
SF:local_artisan/scripts/products.js
FNF:0
FNH:0
DA:1,0
LF:1
LH:0
BRF:0
BRH:0
end_of_record
TN:
SF:local_artisan/scripts/script.js
FN:1,(anonymous_0)
FN:11,(anonymous_1)
FN:16,(anonymous_2)
FN:17,(anonymous_3)
FN:25,(anonymous_4)
FNF:5
FNH:0
FNDA:0,(anonymous_0)
FNDA:0,(anonymous_1)
FNDA:0,(anonymous_2)
FNDA:0,(anonymous_3)
FNDA:0,(anonymous_4)
DA:1,0
DA:2,0
DA:3,0
DA:4,0
DA:5,0
DA:8,0
DA:9,0
DA:11,0
DA:12,0
DA:16,0
DA:17,0
DA:18,0
DA:19,0
DA:20,0
DA:25,0
DA:26,0
DA:27,0
DA:28,0
DA:29,0
LF:19
LH:0
BRDA:18,0,0,0
BRDA:18,0,1,0
BRF:2
BRH:0
end_of_record
TN:
SF:local_artisan/scripts/seller_dashboard.js
FN:24,loadTable
FN:25,(anonymous_1)
FN:28,(anonymous_2)
FN:32,(anonymous_3)
FN:38,(anonymous_4)
FN:48,(anonymous_5)
FN:59,(anonymous_6)
FN:68,(anonymous_7)
FN:78,(anonymous_8)
FNF:9
FNH:0
FNDA:0,loadTable
FNDA:0,(anonymous_1)
FNDA:0,(anonymous_2)
FNDA:0,(anonymous_3)
FNDA:0,(anonymous_4)
FNDA:0,(anonymous_5)
FNDA:0,(anonymous_6)
FNDA:0,(anonymous_7)
FNDA:0,(anonymous_8)
DA:6,0
DA:18,0
DA:19,0
DA:21,0
DA:25,0
DA:26,0
DA:27,0
DA:28,0
DA:29,0
DA:30,0
DA:33,0
DA:38,0
DA:48,0
DA:59,0
DA:68,0
DA:78,0
DA:79,0
DA:80,0
LF:18
LH:0
BRF:0
BRH:0
end_of_record
TN:
SF:local_artisan/scripts/seller_registration.js
FN:7,(anonymous_0)
FN:14,(anonymous_1)
FNF:2
FNH:0
FNDA:0,(anonymous_0)
FNDA:0,(anonymous_1)
DA:5,0
DA:7,0
DA:8,0
DA:11,0
DA:12,0
DA:13,0
DA:14,0
DA:15,0
DA:17,0
DA:18,0
DA:19,0
DA:20,0
DA:21,0
DA:22,0
DA:23,0
DA:24,0
DA:26,0
DA:27,0
DA:40,0
DA:41,0
DA:43,0
LF:21
LH:0
BRDA:8,0,0,0
BRDA:8,0,1,0
BRDA:11,1,0,0
BRDA:11,1,1,0
BRDA:11,2,0,0
BRDA:11,2,1,0
BRF:6
BRH:0
end_of_record
TN:
SF:local_artisan/scripts/signup.js
FN:4,(anonymous_0)
FN:10,(anonymous_1)
FN:26,(anonymous_2)
FN:46,(anonymous_3)
FNF:4
FNH:0
FNDA:0,(anonymous_0)
FNDA:0,(anonymous_1)
FNDA:0,(anonymous_2)
FNDA:0,(anonymous_3)
DA:4,0
DA:5,0
DA:6,0
DA:9,0
DA:10,0
DA:11,0
DA:13,0
DA:14,0
DA:15,0
DA:17,0
DA:18,0
DA:19,0
DA:20,0
DA:21,0
DA:22,0
DA:23,0
DA:24,0
DA:26,0
DA:27,0
DA:28,0
DA:31,0
DA:34,0
DA:35,0
DA:36,0
DA:37,0
DA:39,0
DA:45,0
DA:46,0
DA:47,0
DA:48,0
DA:49,0
DA:51,0
DA:53,0
DA:54,0
DA:55,0
DA:60,0
DA:63,0
DA:64,0
DA:68,0
LF:39
LH:0
BRDA:9,0,0,0
BRDA:9,0,1,0
BRDA:17,1,0,0
BRDA:17,1,1,0
BRDA:45,2,0,0
BRDA:45,2,1,0
BRDA:54,3,0,0
BRDA:54,3,1,0
BRDA:54,4,0,0
BRDA:54,4,1,0
BRF:10
BRH:0
end_of_record
TN:
SF:local_artisan/scripts/view_cart.js
FN:7,removeFromCart
FN:8,(anonymous_1)
FN:14,renderCart
FN:24,(anonymous_3)
FN:47,(anonymous_4)
FN:48,(anonymous_5)
FNF:6
FNH:0
FNDA:0,removeFromCart
FNDA:0,(anonymous_1)
FNDA:0,renderCart
FNDA:0,(anonymous_3)
FNDA:0,(anonymous_4)
FNDA:0,(anonymous_5)
DA:1,0
DA:3,0
DA:4,0
DA:8,0
DA:9,0
DA:10,0
DA:15,0
DA:16,0
DA:18,0
DA:19,0
DA:20,0
DA:21,0
DA:24,0
DA:25,0
DA:26,0
DA:28,0
DA:38,0
DA:40,0
DA:43,0
DA:46,0
DA:47,0
DA:48,0
DA:49,0
DA:50,0
DA:56,0
LF:25
LH:0
BRDA:1,0,0,0
BRDA:1,0,1,0
BRDA:18,1,0,0
BRDA:18,1,1,0
BRF:4
BRH:0
end_of_record
TN:
SF:local_artisan/scripts/view_product.js
FN:22,(anonymous_0)
FN:38,(anonymous_1)
FN:42,(anonymous_2)
FNF:3
FNH:0
FNDA:0,(anonymous_0)
FNDA:0,(anonymous_1)
FNDA:0,(anonymous_2)
DA:1,0
DA:18,0
DA:19,0
DA:22,0
DA:24,0
DA:26,0
DA:27,0
DA:28,0
DA:29,0
DA:30,0
DA:33,0
DA:36,0
DA:38,0
DA:39,0
DA:42,0
DA:44,0
DA:46,0
DA:49,0
DA:58,0
DA:60,0
LF:20
LH:0
BRDA:24,0,0,0
BRDA:24,0,1,0
BRDA:39,1,0,0
BRDA:39,1,1,0
BRDA:44,2,0,0
BRDA:44,2,1,0
BRF:6
BRH:0
end_of_record
